<?xml version="1.0" encoding="UTF-8"?>
<testng-results ignored="0" total="1" passed="1" failed="0" skipped="0">
  <reporter-output>
  </reporter-output>
  <suite started-at="2025-08-01T13:30:38 IST" name="Login Test Suite" finished-at="2025-08-01T13:31:46 IST" duration-ms="67757">
    <groups>
    </groups>
    <test started-at="2025-08-01T13:30:38 IST" name="Login Test" finished-at="2025-08-01T13:31:46 IST" duration-ms="67757">
      <class name="Test.logintest">
        <test-method is-config="true" signature="setupBrowser()[pri:0, instance:Test.logintest@7139992f]" started-at="2025-08-01T13:30:38 IST" name="setupBrowser" finished-at="2025-08-01T13:30:40 IST" duration-ms="2125" status="PASS">
          <reporter-output>
          </reporter-output>
        </test-method> <!-- setupBrowser -->
        <test-method signature="TestLogin()[pri:0, instance:Test.logintest@7139992f]" started-at="2025-08-01T13:30:40 IST" name="TestLogin" finished-at="2025-08-01T13:31:45 IST" duration-ms="65105" status="PASS">
          <reporter-output>
          </reporter-output>
        </test-method> <!-- TestLogin -->
        <test-method is-config="true" signature="tearDown()[pri:0, instance:Test.logintest@7139992f]" started-at="2025-08-01T13:31:45 IST" name="tearDown" finished-at="2025-08-01T13:31:46 IST" duration-ms="266" status="PASS">
          <reporter-output>
          </reporter-output>
        </test-method> <!-- tearDown -->
      </class> <!-- Test.logintest -->
    </test> <!-- Login Test -->
  </suite> <!-- Login Test Suite -->
</testng-results>
