<?xml version="1.0" encoding="UTF-8"?>
<testng-results ignored="0" total="1" passed="1" failed="0" skipped="0">
  <reporter-output>
  </reporter-output>
  <suite started-at="2025-08-01T13:34:14 IST" name="Login Test Suite" finished-at="2025-08-01T13:34:24 IST" duration-ms="10305">
    <groups>
    </groups>
    <test started-at="2025-08-01T13:34:14 IST" name="Login Test" finished-at="2025-08-01T13:34:24 IST" duration-ms="10305">
      <class name="Test.logintest">
        <test-method is-config="true" signature="setupBrowser()[pri:0, instance:Test.logintest@7139992f]" started-at="2025-08-01T13:34:14 IST" name="setupBrowser" finished-at="2025-08-01T13:34:17 IST" duration-ms="2843" status="PASS">
          <reporter-output>
          </reporter-output>
        </test-method> <!-- setupBrowser -->
        <test-method signature="TestLogin()[pri:0, instance:Test.logintest@7139992f]" started-at="2025-08-01T13:34:17 IST" name="TestLogin" finished-at="2025-08-01T13:34:24 IST" duration-ms="7151" status="PASS">
          <reporter-output>
          </reporter-output>
        </test-method> <!-- TestLogin -->
        <test-method is-config="true" signature="tearDown()[pri:0, instance:Test.logintest@7139992f]" started-at="2025-08-01T13:34:24 IST" name="tearDown" finished-at="2025-08-01T13:34:24 IST" duration-ms="203" status="PASS">
          <reporter-output>
          </reporter-output>
        </test-method> <!-- tearDown -->
      </class> <!-- Test.logintest -->
    </test> <!-- Login Test -->
  </suite> <!-- Login Test Suite -->
</testng-results>
